JavaModel/mobile/Android/MujerMorenaSD/build/intermediates/manifest_merge_blame_file/debug/manifest-merger-blame-debug-report.txt
1<?xml version="1.0" encoding="utf-8"?>
2<manifest xmlns:android="http://schemas.android.com/apk/res/android"
3    package="com.genexus.TiendaComercialSD"
4    android:installLocation="auto"
5    android:versionCode="10"
6    android:versionName="1.0" >
7
8    <uses-sdk
9        android:minSdkVersion="21"
9-->src\main\AndroidManifest.xml
10        android:targetSdkVersion="31" />
10-->src\main\AndroidManifest.xml
11
12    <!-- Only this application can receive the messages and registration result -->
13    <permission
13-->src\main\AndroidManifest.xml:7:5-123
14        android:name="com.genexus.TiendaComercialSD.permission.C2D_MESSAGE"
14-->src\main\AndroidManifest.xml:7:17-84
15        android:protectionLevel="signature" />
15-->src\main\AndroidManifest.xml:7:85-120
16
17    <uses-permission android:name="android.permission.VIBRATE" />
17-->src\main\AndroidManifest.xml:8:5-66
17-->src\main\AndroidManifest.xml:8:22-63
18    <uses-permission android:name="android.permission.WAKE_LOCK" />
18-->src\main\AndroidManifest.xml:9:5-68
18-->src\main\AndroidManifest.xml:9:22-65
19    <uses-permission android:name="com.genexus.TiendaComercialSD.permission.C2D_MESSAGE" />
19-->src\main\AndroidManifest.xml:10:5-92
19-->src\main\AndroidManifest.xml:10:22-89
20    <uses-permission android:name="com.google.android.c2dm.permission.RECEIVE" />
20-->src\main\AndroidManifest.xml:11:5-82
20-->src\main\AndroidManifest.xml:11:22-79
21
22    <!-- used for CameraAPI or attributes/variables multimedia in android:maxSdkVersion="23" , used for PhotoLibrary API in all apis -->
23    <uses-permission android:name="android.permission.WRITE_EXTERNAL_STORAGE" />
23-->src\main\AndroidManifest.xml:15:5-81
23-->src\main\AndroidManifest.xml:15:22-78
24    <uses-permission android:name="android.permission.INTERNET" />
24-->[com.genexus.android:AnimationLib:1.2.1] AndroidManifest.xml:9:5-67
24-->[com.genexus.android:AnimationLib:1.2.1] AndroidManifest.xml:9:22-64
25    <uses-permission android:name="android.permission.ACCESS_NETWORK_STATE" />
25-->[com.genexus.android:CoreExternalObjects:1.2.1] AndroidManifest.xml:10:5-79
25-->[com.genexus.android:CoreExternalObjects:1.2.1] AndroidManifest.xml:10:22-76
26    <uses-permission android:name="android.permission.CHANGE_NETWORK_STATE" />
26-->[com.genexus.android:CoreExternalObjects:1.2.1] AndroidManifest.xml:11:5-79
26-->[com.genexus.android:CoreExternalObjects:1.2.1] AndroidManifest.xml:11:22-76
27
28    <queries>
28-->[com.genexus.android:CoreExternalObjects:1.2.1] AndroidManifest.xml:13:5-24:15
29        <intent>
29-->[com.genexus.android:CoreExternalObjects:1.2.1] AndroidManifest.xml:14:9-18:18
30            <action android:name="android.intent.action.PICK" />
30-->[com.genexus.android:CoreExternalObjects:1.2.1] AndroidManifest.xml:15:13-65
30-->[com.genexus.android:CoreExternalObjects:1.2.1] AndroidManifest.xml:15:21-62
31
32            <data android:mimeType="vnd.android.cursor.dir/phone_v2" />
32-->src\main\AndroidManifest.xml:47:17-79
33        </intent>
34        <intent>
34-->[com.genexus.android:CoreExternalObjects:1.2.1] AndroidManifest.xml:19:9-23:18
35            <action android:name="android.intent.action.VIEW" />
35-->src\main\AndroidManifest.xml:44:17-68
35-->src\main\AndroidManifest.xml:44:25-66
36
37            <data android:mimeType="*/*" />
37-->src\main\AndroidManifest.xml:47:17-79
38        </intent>
39
40        <package android:name="com.google.android.apps.maps" />
40-->[com.genexus.android:GoogleMapsLib:1.2.1] AndroidManifest.xml:23:9-64
40-->[com.genexus.android:GoogleMapsLib:1.2.1] AndroidManifest.xml:23:18-61
41
42        <intent>
42-->[com.genexus.android:FlexibleClient:1.2.1] AndroidManifest.xml:14:9-18:18
43            <action android:name="android.intent.action.GET_CONTENT" />
43-->[com.genexus.android:FlexibleClient:1.2.1] AndroidManifest.xml:15:13-72
43-->[com.genexus.android:FlexibleClient:1.2.1] AndroidManifest.xml:15:21-69
44
45            <data android:mimeType="audio/*, image/*, video/*" />
45-->src\main\AndroidManifest.xml:47:17-79
46        </intent>
47        <intent>
47-->[com.genexus.android:FlexibleClient:1.2.1] AndroidManifest.xml:19:9-23:18
48            <action android:name="android.intent.action.OPEN_DOCUMENT" />
48-->[com.genexus.android:FlexibleClient:1.2.1] AndroidManifest.xml:20:13-74
48-->[com.genexus.android:FlexibleClient:1.2.1] AndroidManifest.xml:20:21-71
49
50            <data android:mimeType="audio/*, image/*, video/*" />
50-->src\main\AndroidManifest.xml:47:17-79
51        </intent>
52        <intent>
52-->[com.genexus.android:FlexibleClient:1.2.1] AndroidManifest.xml:24:9-26:18
53            <action android:name="android.media.action.IMAGE_CAPTURE" />
53-->[com.genexus.android:FlexibleClient:1.2.1] AndroidManifest.xml:25:13-73
53-->[com.genexus.android:FlexibleClient:1.2.1] AndroidManifest.xml:25:21-70
54        </intent>
55        <intent>
55-->[com.genexus.android:FlexibleClient:1.2.1] AndroidManifest.xml:27:9-29:18
56            <action android:name="android.media.action.VIDEO_CAPTURE" />
56-->[com.genexus.android:FlexibleClient:1.2.1] AndroidManifest.xml:28:13-73
56-->[com.genexus.android:FlexibleClient:1.2.1] AndroidManifest.xml:28:21-70
57        </intent>
58        <intent>
58-->[com.genexus.android:FlexibleClient:1.2.1] AndroidManifest.xml:30:9-32:18
59            <action android:name="android.provider.MediaStore.RECORD_SOUND" />
59-->[com.genexus.android:FlexibleClient:1.2.1] AndroidManifest.xml:31:13-79
59-->[com.genexus.android:FlexibleClient:1.2.1] AndroidManifest.xml:31:21-76
60        </intent>
61        <intent>
61-->[com.genexus.android:FlexibleClient:1.2.1] AndroidManifest.xml:33:9-37:18
62            <action android:name="android.intent.action.SENDTO" />
62-->[com.genexus.android:FlexibleClient:1.2.1] AndroidManifest.xml:34:13-67
62-->[com.genexus.android:FlexibleClient:1.2.1] AndroidManifest.xml:34:21-64
63
64            <data android:scheme="smsto" />
64-->src\main\AndroidManifest.xml:47:17-79
64-->src\main\AndroidManifest.xml:47:23-77
65        </intent>
66        <intent>
66-->[com.genexus.android:FlexibleClient:1.2.1] AndroidManifest.xml:38:9-40:18
67            <action android:name="com.google.android.youtube.api.service.START" />
67-->[com.genexus.android:FlexibleClient:1.2.1] AndroidManifest.xml:39:13-83
67-->[com.genexus.android:FlexibleClient:1.2.1] AndroidManifest.xml:39:21-80
68        </intent>
69    </queries> <!-- permission for google maps -->
70    <uses-permission android:name="android.permission.ACCESS_COARSE_LOCATION" />
70-->[com.genexus.android:GoogleMapsLib:1.2.1] AndroidManifest.xml:10:5-81
70-->[com.genexus.android:GoogleMapsLib:1.2.1] AndroidManifest.xml:10:22-78
71    <uses-permission android:name="android.permission.ACCESS_FINE_LOCATION" />
71-->[com.genexus.android:GoogleMapsLib:1.2.1] AndroidManifest.xml:11:5-79
71-->[com.genexus.android:GoogleMapsLib:1.2.1] AndroidManifest.xml:11:22-76
72    <uses-permission android:name="com.google.android.providers.gsf.permission.READ_GSERVICES" /> <!-- features for google maps -->
72-->[com.genexus.android:GoogleMapsLib:1.2.1] AndroidManifest.xml:12:5-98
72-->[com.genexus.android:GoogleMapsLib:1.2.1] AndroidManifest.xml:12:22-95
73    <uses-feature
73-->[com.genexus.android:GoogleMapsLib:1.2.1] AndroidManifest.xml:15:5-17:35
74        android:glEsVersion="0x00020000"
74-->[com.genexus.android:GoogleMapsLib:1.2.1] AndroidManifest.xml:16:9-41
75        android:required="true" /> <!-- OpenGL 2.0 -->
75-->[com.genexus.android:GoogleMapsLib:1.2.1] AndroidManifest.xml:17:9-32
76    <uses-feature
76-->[com.genexus.android:GoogleMapsLib:1.2.1] AndroidManifest.xml:18:5-20:36
77        android:name="android.hardware.location.gps"
77-->[com.genexus.android:GoogleMapsLib:1.2.1] AndroidManifest.xml:19:9-53
78        android:required="false" />
78-->[com.genexus.android:GoogleMapsLib:1.2.1] AndroidManifest.xml:20:9-33
79
80    <uses-permission android:name="android.permission.RECEIVE_BOOT_COMPLETED" /> <!-- Required for foreground services on P+. -->
80-->[com.genexus.android:LocationLib:1.2.1] AndroidManifest.xml:16:5-81
80-->[com.genexus.android:LocationLib:1.2.1] AndroidManifest.xml:16:22-78
81    <uses-permission android:name="android.permission.FOREGROUND_SERVICE" /> <!-- START: ShortcutBadger -->
81-->[com.genexus.android:LocationLib:1.2.1] AndroidManifest.xml:19:5-77
81-->[com.genexus.android:LocationLib:1.2.1] AndroidManifest.xml:19:22-74
82    <!-- Samsung -->
83    <uses-permission android:name="com.sec.android.provider.badge.permission.READ" />
83-->[com.onesignal:OneSignal:4.6.3] AndroidManifest.xml:31:5-86
83-->[com.onesignal:OneSignal:4.6.3] AndroidManifest.xml:31:22-83
84    <uses-permission android:name="com.sec.android.provider.badge.permission.WRITE" /> <!-- HTC -->
84-->[com.onesignal:OneSignal:4.6.3] AndroidManifest.xml:32:5-87
84-->[com.onesignal:OneSignal:4.6.3] AndroidManifest.xml:32:22-84
85    <uses-permission android:name="com.htc.launcher.permission.READ_SETTINGS" />
85-->[com.onesignal:OneSignal:4.6.3] AndroidManifest.xml:33:5-81
85-->[com.onesignal:OneSignal:4.6.3] AndroidManifest.xml:33:22-78
86    <uses-permission android:name="com.htc.launcher.permission.UPDATE_SHORTCUT" /> <!-- Sony -->
86-->[com.onesignal:OneSignal:4.6.3] AndroidManifest.xml:34:5-83
86-->[com.onesignal:OneSignal:4.6.3] AndroidManifest.xml:34:22-80
87    <uses-permission android:name="com.sonyericsson.home.permission.BROADCAST_BADGE" />
87-->[com.onesignal:OneSignal:4.6.3] AndroidManifest.xml:35:5-88
87-->[com.onesignal:OneSignal:4.6.3] AndroidManifest.xml:35:22-85
88    <uses-permission android:name="com.sonymobile.home.permission.PROVIDER_INSERT_BADGE" /> <!-- Apex -->
88-->[com.onesignal:OneSignal:4.6.3] AndroidManifest.xml:36:5-92
88-->[com.onesignal:OneSignal:4.6.3] AndroidManifest.xml:36:22-89
89    <uses-permission android:name="com.anddoes.launcher.permission.UPDATE_COUNT" /> <!-- Solid -->
89-->[com.onesignal:OneSignal:4.6.3] AndroidManifest.xml:37:5-84
89-->[com.onesignal:OneSignal:4.6.3] AndroidManifest.xml:37:22-81
90    <uses-permission android:name="com.majeur.launcher.permission.UPDATE_BADGE" /> <!-- Huawei -->
90-->[com.onesignal:OneSignal:4.6.3] AndroidManifest.xml:38:5-83
90-->[com.onesignal:OneSignal:4.6.3] AndroidManifest.xml:38:22-80
91    <uses-permission android:name="com.huawei.android.launcher.permission.CHANGE_BADGE" />
91-->[com.onesignal:OneSignal:4.6.3] AndroidManifest.xml:39:5-91
91-->[com.onesignal:OneSignal:4.6.3] AndroidManifest.xml:39:22-88
92    <uses-permission android:name="com.huawei.android.launcher.permission.READ_SETTINGS" />
92-->[com.onesignal:OneSignal:4.6.3] AndroidManifest.xml:40:5-92
92-->[com.onesignal:OneSignal:4.6.3] AndroidManifest.xml:40:22-89
93    <uses-permission android:name="com.huawei.android.launcher.permission.WRITE_SETTINGS" /> <!-- ZUK -->
93-->[com.onesignal:OneSignal:4.6.3] AndroidManifest.xml:41:5-93
93-->[com.onesignal:OneSignal:4.6.3] AndroidManifest.xml:41:22-90
94    <uses-permission android:name="android.permission.READ_APP_BADGE" /> <!-- OPPO -->
94-->[com.onesignal:OneSignal:4.6.3] AndroidManifest.xml:42:5-73
94-->[com.onesignal:OneSignal:4.6.3] AndroidManifest.xml:42:22-70
95    <uses-permission android:name="com.oppo.launcher.permission.READ_SETTINGS" />
95-->[com.onesignal:OneSignal:4.6.3] AndroidManifest.xml:43:5-82
95-->[com.onesignal:OneSignal:4.6.3] AndroidManifest.xml:43:22-79
96    <uses-permission android:name="com.oppo.launcher.permission.WRITE_SETTINGS" /> <!-- EvMe -->
96-->[com.onesignal:OneSignal:4.6.3] AndroidManifest.xml:44:5-83
96-->[com.onesignal:OneSignal:4.6.3] AndroidManifest.xml:44:22-80
97    <uses-permission android:name="me.everything.badger.permission.BADGE_COUNT_READ" />
97-->[com.onesignal:OneSignal:4.6.3] AndroidManifest.xml:45:5-88
97-->[com.onesignal:OneSignal:4.6.3] AndroidManifest.xml:45:22-85
98    <uses-permission android:name="me.everything.badger.permission.BADGE_COUNT_WRITE" />
98-->[com.onesignal:OneSignal:4.6.3] AndroidManifest.xml:46:5-89
98-->[com.onesignal:OneSignal:4.6.3] AndroidManifest.xml:46:22-86
99    <uses-permission android:name="android.permission.ACCESS_WIFI_STATE" />
99-->[com.google.android.libraries.places:places:2.6.0] AndroidManifest.xml:10:5-76
99-->[com.google.android.libraries.places:places:2.6.0] AndroidManifest.xml:10:22-73
100
101    <application
101-->src\main\AndroidManifest.xml:17:5-51:17
102        android:name="com.genexus.TiendaComercialSD.MainApplication"
102-->src\main\AndroidManifest.xml:17:18-49
103        android:allowBackup="false"
103-->src\main\AndroidManifest.xml:20:18-45
104        android:appComponentFactory="androidx.core.app.CoreComponentFactory"
104-->[androidx.core:core:1.6.0] AndroidManifest.xml:24:18-86
105        android:debuggable="true"
106        android:hardwareAccelerated="true"
106-->src\main\AndroidManifest.xml:18:18-52
107        android:icon="@drawable/appicon"
107-->src\main\AndroidManifest.xml:23:18-50
108        android:label="@string/app_name"
108-->src\main\AndroidManifest.xml:25:18-50
109        android:networkSecurityConfig="@xml/network_security_config"
109-->src\main\AndroidManifest.xml:24:18-78
110        android:resizeableActivity="false"
110-->src\main\AndroidManifest.xml:19:18-52
111        android:supportsRtl="true"
111-->src\main\AndroidManifest.xml:21:18-44
112        android:theme="@style/ApplicationTheme" >
112-->src\main\AndroidManifest.xml:22:18-57
113        <uses-library
113-->src\main\AndroidManifest.xml:27:6-84
114            android:name="org.apache.http.legacy"
114-->src\main\AndroidManifest.xml:27:20-57
115            android:required="false" />
115-->src\main\AndroidManifest.xml:27:58-82
116
117        <activity
117-->src\main\AndroidManifest.xml:29:9-34:20
118            android:name="com.genexus.android.core.activities.StartupActivity"
118-->src\main\AndroidManifest.xml:29:19-85
119            android:exported="true"
119-->src\main\AndroidManifest.xml:29:119-142
120            android:label="@string/app_name" >
120-->src\main\AndroidManifest.xml:29:86-118
121            <intent-filter>
121-->src\main\AndroidManifest.xml:30:13-33:29
122                <action android:name="android.intent.action.MAIN" />
122-->src\main\AndroidManifest.xml:31:17-69
122-->src\main\AndroidManifest.xml:31:25-66
123
124                <category android:name="android.intent.category.LAUNCHER" />
124-->src\main\AndroidManifest.xml:32:17-77
124-->src\main\AndroidManifest.xml:32:27-74
125            </intent-filter>
126        </activity>
127
128        <!-- Provider -->
129        <provider
129-->src\main\AndroidManifest.xml:37:9-183
130            android:name="com.genexus.TiendaComercialSD.AppEntityDataProvider"
130-->src\main\AndroidManifest.xml:37:19-85
131            android:authorities="com.genexus.TiendaComercialSD.appentityprovider"
131-->src\main\AndroidManifest.xml:37:111-180
132            android:exported="false" />
132-->src\main\AndroidManifest.xml:37:86-110
133
134        <!-- Service -->
135        <service
135-->src\main\AndroidManifest.xml:40:9-105
136            android:name="com.genexus.TiendaComercialSD.AppEntityService"
136-->src\main\AndroidManifest.xml:40:41-102
137            android:enabled="true" />
137-->src\main\AndroidManifest.xml:40:18-40
138
139        <activity
139-->src\main\AndroidManifest.xml:42:9-49:20
140            android:name="com.genexus.android.gam.AuthRedirectActivity"
140-->src\main\AndroidManifest.xml:42:19-78
141            android:exported="true" >
141-->src\main\AndroidManifest.xml:42:79-102
142            <intent-filter>
142-->src\main\AndroidManifest.xml:43:13-48:29
143                <action android:name="android.intent.action.VIEW" />
143-->src\main\AndroidManifest.xml:44:17-68
143-->src\main\AndroidManifest.xml:44:25-66
144
145                <category android:name="android.intent.category.DEFAULT" />
145-->src\main\AndroidManifest.xml:45:17-75
145-->src\main\AndroidManifest.xml:45:27-73
146                <category android:name="android.intent.category.BROWSABLE" />
146-->src\main\AndroidManifest.xml:46:17-77
146-->src\main\AndroidManifest.xml:46:27-75
147
148                <data android:scheme="gxgam1320a53bfd124d8c9da4a20d916087bb" />
148-->src\main\AndroidManifest.xml:47:17-79
148-->src\main\AndroidManifest.xml:47:23-77
149            </intent-filter>
150        </activity>
151        <activity
151-->[com.genexus.android:CoreExternalObjects:1.2.1] AndroidManifest.xml:27:9-29:40
152            android:name="com.genexus.android.core.externalobjects.WebBrowserRedirectActivity"
152-->[com.genexus.android:CoreExternalObjects:1.2.1] AndroidManifest.xml:28:13-95
153            android:exported="false" />
153-->[com.genexus.android:CoreExternalObjects:1.2.1] AndroidManifest.xml:29:13-37
154        <activity android:name="com.genexus.android.controls.maps.google.LocationPickerActivity" />
154-->[com.genexus.android:GoogleMapsLib:1.2.1] AndroidManifest.xml:27:9-100
154-->[com.genexus.android:GoogleMapsLib:1.2.1] AndroidManifest.xml:27:19-97
155
156        <meta-data
156-->[com.genexus.android:GoogleMapsLib:1.2.1] AndroidManifest.xml:29:9-31:60
157            android:name="com.google.android.geo.API_KEY"
157-->[com.genexus.android:GoogleMapsLib:1.2.1] AndroidManifest.xml:30:13-58
158            android:value="@string/GoogleServicesApiKey" />
158-->[com.genexus.android:GoogleMapsLib:1.2.1] AndroidManifest.xml:31:13-57
159
160        <receiver
160-->[com.genexus.android:LocationLib:1.2.1] AndroidManifest.xml:23:9-31:20
161            android:name="com.genexus.android.location.application.CoreBootReceiverLocation"
161-->[com.genexus.android:LocationLib:1.2.1] AndroidManifest.xml:24:13-93
162            android:exported="false" >
162-->[com.genexus.android:LocationLib:1.2.1] AndroidManifest.xml:25:13-37
163            <intent-filter>
163-->[com.genexus.android:LocationLib:1.2.1] AndroidManifest.xml:26:13-30:29
164                <action android:name="android.intent.action.BOOT_COMPLETED" />
164-->[com.genexus.android:LocationLib:1.2.1] AndroidManifest.xml:27:17-79
164-->[com.genexus.android:LocationLib:1.2.1] AndroidManifest.xml:27:25-76
165
166                <category android:name="android.intent.category.DEFAULT" />
166-->src\main\AndroidManifest.xml:45:17-75
166-->src\main\AndroidManifest.xml:45:27-73
167            </intent-filter>
168        </receiver>
169        <receiver
169-->[com.genexus.android:LocationLib:1.2.1] AndroidManifest.xml:32:9-35:39
170            android:name="com.genexus.android.location.geolocation.geofence.GeofenceBroadcastReceiver"
170-->[com.genexus.android:LocationLib:1.2.1] AndroidManifest.xml:33:13-103
171            android:enabled="true"
171-->[com.genexus.android:LocationLib:1.2.1] AndroidManifest.xml:34:13-35
172            android:exported="true" />
172-->[com.genexus.android:LocationLib:1.2.1] AndroidManifest.xml:35:13-36
173
174        <service
174-->[com.genexus.android:LocationLib:1.2.1] AndroidManifest.xml:37:9-40:72
175            android:name="com.genexus.android.location.geolocation.geofence.GeofenceTransitionsJobIntentService"
175-->[com.genexus.android:LocationLib:1.2.1] AndroidManifest.xml:38:13-113
176            android:exported="true"
176-->[com.genexus.android:LocationLib:1.2.1] AndroidManifest.xml:39:13-36
177            android:permission="android.permission.BIND_JOB_SERVICE" /> <!-- Foreground services in Q+ require type. -->
177-->[com.genexus.android:LocationLib:1.2.1] AndroidManifest.xml:40:13-69
178        <service
178-->[com.genexus.android:LocationLib:1.2.1] AndroidManifest.xml:43:9-46:40
179            android:name="com.genexus.android.location.geolocation.tracking.DefaultLocationUpdatesService"
179-->[com.genexus.android:LocationLib:1.2.1] AndroidManifest.xml:44:13-107
180            android:enabled="true"
180-->[com.genexus.android:LocationLib:1.2.1] AndroidManifest.xml:45:13-35
181            android:exported="false" />
181-->[com.genexus.android:LocationLib:1.2.1] AndroidManifest.xml:46:13-37
182
183        <meta-data
183-->[com.genexus.android:OneSignalModule:1.2.1] AndroidManifest.xml:11:9-13:39
184            android:name="com.onesignal.NotificationOpened.DEFAULT"
184-->[com.genexus.android:OneSignalModule:1.2.1] AndroidManifest.xml:12:13-68
185            android:value="DISABLE" />
185-->[com.genexus.android:OneSignalModule:1.2.1] AndroidManifest.xml:13:13-36
186        <meta-data
186-->[com.genexus.android:OneSignalModule:1.2.1] AndroidManifest.xml:14:9-16:110
187            android:name="com.onesignal.NotificationServiceExtension"
187-->[com.genexus.android:OneSignalModule:1.2.1] AndroidManifest.xml:15:13-70
188            android:value="com.genexus.android.notifications.onesignal.CustomNotificationExtenderReceiver" />
188-->[com.genexus.android:OneSignalModule:1.2.1] AndroidManifest.xml:16:13-107
189
190        <activity
190-->[com.genexus.android:FlexibleClient:1.2.1] AndroidManifest.xml:47:9-54:20
191            android:name="com.genexus.android.core.activities.GenexusActivity"
191-->[com.genexus.android:FlexibleClient:1.2.1] AndroidManifest.xml:48:13-79
192            android:label="@string/app_name"
192-->[com.genexus.android:FlexibleClient:1.2.1] AndroidManifest.xml:49:13-45
193            android:windowSoftInputMode="stateAlwaysHidden|adjustResize" >
193-->[com.genexus.android:FlexibleClient:1.2.1] AndroidManifest.xml:50:13-73
194            <meta-data
194-->[com.genexus.android:FlexibleClient:1.2.1] AndroidManifest.xml:51:13-53:90
195                android:name="android.app.default_searchable"
195-->[com.genexus.android:FlexibleClient:1.2.1] AndroidManifest.xml:52:17-62
196                android:value="com.genexus.android.core.activities.SearchStubActivity" />
196-->[com.genexus.android:FlexibleClient:1.2.1] AndroidManifest.xml:53:17-87
197        </activity>
198        <activity
198-->[com.genexus.android:FlexibleClient:1.2.1] AndroidManifest.xml:55:9-69:20
199            android:name="com.genexus.android.core.activities.SearchStubActivity"
199-->[com.genexus.android:FlexibleClient:1.2.1] AndroidManifest.xml:56:13-82
200            android:exported="false" >
200-->[com.genexus.android:FlexibleClient:1.2.1] AndroidManifest.xml:57:13-37
201
202            <!-- Receives search requests. -->
203            <intent-filter>
203-->[com.genexus.android:FlexibleClient:1.2.1] AndroidManifest.xml:60:13-64:29
204                <action android:name="android.intent.action.SEARCH" />
204-->[com.genexus.android:FlexibleClient:1.2.1] AndroidManifest.xml:61:17-71
204-->[com.genexus.android:FlexibleClient:1.2.1] AndroidManifest.xml:61:25-68
205
206                <category android:name="android.intent.category.DEFAULT" />
206-->src\main\AndroidManifest.xml:45:17-75
206-->src\main\AndroidManifest.xml:45:27-73
207            </intent-filter>
208
209            <meta-data
209-->[com.genexus.android:FlexibleClient:1.2.1] AndroidManifest.xml:66:13-68:54
210                android:name="android.app.searchable"
210-->[com.genexus.android:FlexibleClient:1.2.1] AndroidManifest.xml:67:17-54
211                android:resource="@xml/searchable" />
211-->[com.genexus.android:FlexibleClient:1.2.1] AndroidManifest.xml:68:17-51
212        </activity>
213        <activity android:name="com.genexus.android.core.activities.BTDeviceListActivity" />
213-->[com.genexus.android:FlexibleClient:1.2.1] AndroidManifest.xml:73:9-93
213-->[com.genexus.android:FlexibleClient:1.2.1] AndroidManifest.xml:73:19-90
214        <activity
214-->[com.genexus.android:FlexibleClient:1.2.1] AndroidManifest.xml:74:9-77:20
215            android:name="com.genexus.android.core.activities.WebViewActivity"
215-->[com.genexus.android:FlexibleClient:1.2.1] AndroidManifest.xml:75:13-79
216            android:label="@string/GXM_Loading" >
216-->[com.genexus.android:FlexibleClient:1.2.1] AndroidManifest.xml:76:13-48
217        </activity>
218        <activity
218-->[com.genexus.android:FlexibleClient:1.2.1] AndroidManifest.xml:78:9-81:20
219            android:name="com.genexus.android.core.activities.VideoViewActivity"
219-->[com.genexus.android:FlexibleClient:1.2.1] AndroidManifest.xml:79:13-81
220            android:label="@string/GXM_Loading" >
220-->[com.genexus.android:FlexibleClient:1.2.1] AndroidManifest.xml:80:13-48
221        </activity>
222        <activity
222-->[com.genexus.android:FlexibleClient:1.2.1] AndroidManifest.xml:82:9-85:20
223            android:name="com.genexus.android.core.application.Preferences"
223-->[com.genexus.android:FlexibleClient:1.2.1] AndroidManifest.xml:83:13-76
224            android:label="@string/GXM_Preferences" >
224-->[com.genexus.android:FlexibleClient:1.2.1] AndroidManifest.xml:84:13-52
225        </activity>
226        <activity
226-->[com.genexus.android:FlexibleClient:1.2.1] AndroidManifest.xml:86:9-89:20
227            android:name="com.genexus.android.core.activities.FiltersActivity"
227-->[com.genexus.android:FlexibleClient:1.2.1] AndroidManifest.xml:87:13-79
228            android:label="@string/GXM_Filter" >
228-->[com.genexus.android:FlexibleClient:1.2.1] AndroidManifest.xml:88:13-47
229        </activity>
230        <activity
230-->[com.genexus.android:FlexibleClient:1.2.1] AndroidManifest.xml:90:9-93:20
231            android:name="com.genexus.android.core.activities.DetailFiltersActivity"
231-->[com.genexus.android:FlexibleClient:1.2.1] AndroidManifest.xml:91:13-85
232            android:label="@string/GXM_Filter" >
232-->[com.genexus.android:FlexibleClient:1.2.1] AndroidManifest.xml:92:13-47
233        </activity>
234        <activity android:name="com.genexus.android.core.activities.SearchResultsActivity" >
234-->[com.genexus.android:FlexibleClient:1.2.1] AndroidManifest.xml:94:9-98:20
234-->[com.genexus.android:FlexibleClient:1.2.1] AndroidManifest.xml:94:19-91
235            <meta-data
235-->[com.genexus.android:FlexibleClient:1.2.1] AndroidManifest.xml:66:13-68:54
236                android:name="android.app.searchable"
236-->[com.genexus.android:FlexibleClient:1.2.1] AndroidManifest.xml:67:17-54
237                android:resource="@xml/searchablebox" />
237-->[com.genexus.android:FlexibleClient:1.2.1] AndroidManifest.xml:68:17-51
238        </activity>
239        <activity android:name="com.genexus.android.core.activities.LoginBiometricsActivity" />
239-->[com.genexus.android:FlexibleClient:1.2.1] AndroidManifest.xml:99:9-96
239-->[com.genexus.android:FlexibleClient:1.2.1] AndroidManifest.xml:99:19-93
240        <activity
240-->[com.genexus.android:FlexibleClient:1.2.1] AndroidManifest.xml:100:9-104:75
241            android:name="com.genexus.android.gam.AuthManagementActivity"
241-->[com.genexus.android:FlexibleClient:1.2.1] AndroidManifest.xml:101:13-74
242            android:exported="false"
242-->[com.genexus.android:FlexibleClient:1.2.1] AndroidManifest.xml:102:13-37
243            android:launchMode="singleTask"
243-->[com.genexus.android:FlexibleClient:1.2.1] AndroidManifest.xml:103:13-44
244            android:theme="@android:style/Theme.Translucent.NoTitleBar" />
244-->[com.genexus.android:FlexibleClient:1.2.1] AndroidManifest.xml:104:13-72
245
246        <receiver
246-->[com.genexus.android:FlexibleClient:1.2.1] AndroidManifest.xml:106:9-108:40
247            android:name="com.genexus.android.notification.NotificationAlert"
247-->[com.genexus.android:FlexibleClient:1.2.1] AndroidManifest.xml:107:13-78
248            android:exported="false" />
248-->[com.genexus.android:FlexibleClient:1.2.1] AndroidManifest.xml:108:13-37
249
250        <service
250-->[com.genexus.android:FlexibleClient:1.2.1] AndroidManifest.xml:110:9-113:40
251            android:name="com.genexus.android.core.controls.maps.LocationUpdatesService"
251-->[com.genexus.android:FlexibleClient:1.2.1] AndroidManifest.xml:111:13-89
252            android:enabled="true"
252-->[com.genexus.android:FlexibleClient:1.2.1] AndroidManifest.xml:112:13-35
253            android:exported="false" />
253-->[com.genexus.android:FlexibleClient:1.2.1] AndroidManifest.xml:113:13-37
254
255        <provider
255-->[com.genexus.android:FlexibleClient:1.2.1] AndroidManifest.xml:115:9-123:20
256            android:name="androidx.core.content.FileProvider"
256-->[com.genexus.android:FlexibleClient:1.2.1] AndroidManifest.xml:116:13-62
257            android:authorities="com.genexus.TiendaComercialSD.file_provider"
257-->[com.genexus.android:FlexibleClient:1.2.1] AndroidManifest.xml:117:13-65
258            android:exported="false"
258-->[com.genexus.android:FlexibleClient:1.2.1] AndroidManifest.xml:118:13-37
259            android:grantUriPermissions="true" >
259-->[com.genexus.android:FlexibleClient:1.2.1] AndroidManifest.xml:119:13-47
260            <meta-data
260-->[com.genexus.android:FlexibleClient:1.2.1] AndroidManifest.xml:120:13-122:56
261                android:name="android.support.FILE_PROVIDER_PATHS"
261-->[com.genexus.android:FlexibleClient:1.2.1] AndroidManifest.xml:121:17-67
262                android:resource="@xml/shared_files" />
262-->[com.genexus.android:FlexibleClient:1.2.1] AndroidManifest.xml:122:17-53
263        </provider>
264
265        <receiver
265-->[com.onesignal:OneSignal:4.6.3] AndroidManifest.xml:49:9-60:20
266            android:name="com.onesignal.FCMBroadcastReceiver"
266-->[com.onesignal:OneSignal:4.6.3] AndroidManifest.xml:50:13-62
267            android:exported="true"
267-->[com.onesignal:OneSignal:4.6.3] AndroidManifest.xml:51:13-36
268            android:permission="com.google.android.c2dm.permission.SEND" >
268-->[com.onesignal:OneSignal:4.6.3] AndroidManifest.xml:52:13-73
269
270            <!-- High priority so OneSignal payloads can be filtered from other FCM receivers -->
271            <intent-filter android:priority="999" >
271-->[com.onesignal:OneSignal:4.6.3] AndroidManifest.xml:55:13-59:29
271-->[com.onesignal:OneSignal:4.6.3] AndroidManifest.xml:55:28-50
272                <action android:name="com.google.android.c2dm.intent.RECEIVE" />